<?xml version="1.0" encoding="UTF-8"?>
<testsuite xmlns:xsi="http://www.w3.org/2001/XMLSchema-instance" xsi:noNamespaceSchemaLocation="https://maven.apache.org/surefire/maven-surefire-plugin/xsd/surefire-test-report.xsd" name="com.csye6225.webservice.WebserviceApplicationTests" time="5.032" tests="1" errors="1" skipped="0" failures="0">
  <properties>
[...]
</properties>
  <testcase name="contextLoads" classname="com.csye6225.webservice.WebserviceApplicationTests" time="1.117">
    <error message="I/O error on GET request for &quot;http://localhost/api/v1/healthz&quot;: Connection refused; nested exception is java.net.ConnectException: Connection refused" type="org.springframework.web.client.ResourceAccessException">org.springframework.web.client.ResourceAccessException: I/O error on GET request for "http://localhost/api/v1/healthz": Connection refused; nested exception is java.net.ConnectException: Connection refused
	at com.csye6225.webservice.WebserviceApplicationTests.contextLoads(WebserviceApplicationTests.java:23)
Caused by: java.net.ConnectException: Connection refused
	at com.csye6225.webservice.WebserviceApplicationTests.contextLoads(WebserviceApplicationTests.java:23)
</error>
    <system-out><![CDATA[00:26:39.498 [main] DEBUG org.springframework.test.context.BootstrapUtils - Instantiating CacheAwareContextLoaderDelegate from class [org.springframework.test.context.cache.DefaultCacheAwareContextLoaderDelegate]
00:26:39.508 [main] DEBUG org.springframework.test.context.BootstrapUtils - Instantiating BootstrapContext using constructor [public org.springframework.test.context.support.DefaultBootstrapContext(java.lang.Class,org.springframework.test.context.CacheAwareContextLoaderDelegate)]
00:26:39.562 [main] DEBUG org.springframework.test.context.BootstrapUtils - Instantiating TestContextBootstrapper for test class [com.csye6225.webservice.WebserviceApplicationTests] from class [org.springframework.boot.test.context.SpringBootTestContextBootstrapper]
00:26:39.580 [main] INFO org.springframework.boot.test.context.SpringBootTestContextBootstrapper - Neither @ContextConfiguration nor @ContextHierarchy found for test class [com.csye6225.webservice.WebserviceApplicationTests], using SpringBootContextLoader
00:26:39.589 [main] DEBUG org.springframework.test.context.support.AbstractContextLoader - Did not detect default resource location for test class [com.csye6225.webservice.WebserviceApplicationTests]: class path resource [com/csye6225/webservice/WebserviceApplicationTests-context.xml] does not exist
00:26:39.590 [main] DEBUG org.springframework.test.context.support.AbstractContextLoader - Did not detect default resource location for test class [com.csye6225.webservice.WebserviceApplicationTests]: class path resource [com/csye6225/webservice/WebserviceApplicationTestsContext.groovy] does not exist
00:26:39.590 [main] INFO org.springframework.test.context.support.AbstractContextLoader - Could not detect default resource locations for test class [com.csye6225.webservice.WebserviceApplicationTests]: no resource found for suffixes {-context.xml, Context.groovy}.
00:26:39.662 [main] DEBUG org.springframework.test.context.support.ActiveProfilesUtils - Could not find an 'annotation declaring class' for annotation type [org.springframework.test.context.ActiveProfiles] and class [com.csye6225.webservice.WebserviceApplicationTests]
00:26:39.824 [main] DEBUG org.springframework.boot.test.context.SpringBootTestContextBootstrapper - @TestExecutionListeners is not present for class [com.csye6225.webservice.WebserviceApplicationTests]: using defaults.
00:26:39.824 [main] INFO org.springframework.boot.test.context.SpringBootTestContextBootstrapper - Loaded default TestExecutionListener class names from location [META-INF/spring.factories]: [org.springframework.boot.test.mock.mockito.MockitoTestExecutionListener, org.springframework.boot.test.mock.mockito.ResetMocksTestExecutionListener, org.springframework.boot.test.autoconfigure.restdocs.RestDocsTestExecutionListener, org.springframework.boot.test.autoconfigure.web.client.MockRestServiceServerResetTestExecutionListener, org.springframework.boot.test.autoconfigure.web.servlet.MockMvcPrintOnlyOnFailureTestExecutionListener, org.springframework.boot.test.autoconfigure.web.servlet.WebDriverTestExecutionListener, org.springframework.boot.test.autoconfigure.webservices.client.MockWebServiceServerTestExecutionListener, org.springframework.test.context.web.ServletTestExecutionListener, org.springframework.test.context.support.DirtiesContextBeforeModesTestExecutionListener, org.springframework.test.context.event.ApplicationEventsTestExecutionListener, org.springframework.test.context.support.DependencyInjectionTestExecutionListener, org.springframework.test.context.support.DirtiesContextTestExecutionListener, org.springframework.test.context.transaction.TransactionalTestExecutionListener, org.springframework.test.context.jdbc.SqlScriptsTestExecutionListener, org.springframework.test.context.event.EventPublishingTestExecutionListener]
00:26:39.837 [main] DEBUG org.springframework.boot.test.context.SpringBootTestContextBootstrapper - Skipping candidate TestExecutionListener [org.springframework.test.context.transaction.TransactionalTestExecutionListener] due to a missing dependency. Specify custom listener classes or make the default listener classes and their required dependencies available. Offending class: [org/springframework/transaction/interceptor/TransactionAttributeSource]
00:26:39.838 [main] DEBUG org.springframework.boot.test.context.SpringBootTestContextBootstrapper - Skipping candidate TestExecutionListener [org.springframework.test.context.jdbc.SqlScriptsTestExecutionListener] due to a missing dependency. Specify custom listener classes or make the default listener classes and their required dependencies available. Offending class: [org/springframework/transaction/interceptor/TransactionAttribute]
00:26:39.838 [main] INFO org.springframework.boot.test.context.SpringBootTestContextBootstrapper - Using TestExecutionListeners: [org.springframework.test.context.web.ServletTestExecutionListener@928763c, org.springframework.test.context.support.DirtiesContextBeforeModesTestExecutionListener@e25951c, org.springframework.test.context.event.ApplicationEventsTestExecutionListener@15f47664, org.springframework.boot.test.mock.mockito.MockitoTestExecutionListener@471a9022, org.springframework.boot.test.autoconfigure.SpringBootDependencyInjectionTestExecutionListener@dc9876b, org.springframework.test.context.support.DirtiesContextTestExecutionListener@2f666ebb, org.springframework.test.context.event.EventPublishingTestExecutionListener@19976a65, org.springframework.boot.test.mock.mockito.ResetMocksTestExecutionListener@a1f72f5, org.springframework.boot.test.autoconfigure.restdocs.RestDocsTestExecutionListener@4b2c5e02, org.springframework.boot.test.autoconfigure.web.client.MockRestServiceServerResetTestExecutionListener@57a3e26a, org.springframework.boot.test.autoconfigure.web.servlet.MockMvcPrintOnlyOnFailureTestExecutionListener@75c56eb9, org.springframework.boot.test.autoconfigure.web.servlet.WebDriverTestExecutionListener@4bc222e, org.springframework.boot.test.autoconfigure.webservices.client.MockWebServiceServerTestExecutionListener@2dc9b0f5]
00:26:39.842 [main] DEBUG org.springframework.test.context.support.AbstractDirtiesContextTestExecutionListener - Before test class: context [DefaultTestContext@31edaa7d testClass = WebserviceApplicationTests, testInstance = [null], testMethod = [null], testException = [null], mergedContextConfiguration = [WebMergedContextConfiguration@26adfd2d testClass = WebserviceApplicationTests, locations = '{}', classes = '{class com.csye6225.webservice.WebserviceApplication}', contextInitializerClasses = '[]', activeProfiles = '{}', propertySourceLocations = '{}', propertySourceProperties = '{org.springframework.boot.test.context.SpringBootTestContextBootstrapper=true, server.port=0}', contextCustomizers = set[org.springframework.boot.test.context.filter.ExcludeFilterContextCustomizer@c03cf28, org.springframework.boot.test.json.DuplicateJsonObjectContextCustomizerFactory$DuplicateJsonObjectContextCustomizer@41c2284a, org.springframework.boot.test.mock.mockito.MockitoContextCustomizer@0, org.springframework.boot.test.web.client.TestRestTemplateContextCustomizer@5136d012, org.springframework.boot.test.autoconfigure.actuate.metrics.MetricsExportContextCustomizerFactory$DisableMetricExportContextCustomizer@355ce81c, org.springframework.boot.test.autoconfigure.properties.PropertyMappingContextCustomizer@0, org.springframework.boot.test.autoconfigure.web.servlet.WebDriverContextCustomizerFactory$Customizer@73ee04c8, org.springframework.boot.test.context.SpringBootTestArgs@1, org.springframework.boot.test.context.SpringBootTestWebEnvironment@1e397ed7], resourceBasePath = 'src/main/webapp', contextLoader = 'org.springframework.boot.test.context.SpringBootContextLoader', parent = [null]], attributes = map['org.springframework.test.context.web.ServletTestExecutionListener.activateListener' -> false]], class annotated with @DirtiesContext [false] with mode [null].
00:26:39.862 [main] DEBUG org.springframework.test.context.support.DependencyInjectionTestExecutionListener - Performing dependency injection for test context [[DefaultTestContext@31edaa7d testClass = WebserviceApplicationTests, testInstance = com.csye6225.webservice.WebserviceApplicationTests@4a00d9cf, testMethod = [null], testException = [null], mergedContextConfiguration = [WebMergedContextConfiguration@26adfd2d testClass = WebserviceApplicationTests, locations = '{}', classes = '{class com.csye6225.webservice.WebserviceApplication}', contextInitializerClasses = '[]', activeProfiles = '{}', propertySourceLocations = '{}', propertySourceProperties = '{org.springframework.boot.test.context.SpringBootTestContextBootstrapper=true, server.port=0}', contextCustomizers = set[org.springframework.boot.test.context.filter.ExcludeFilterContextCustomizer@c03cf28, org.springframework.boot.test.json.DuplicateJsonObjectContextCustomizerFactory$DuplicateJsonObjectContextCustomizer@41c2284a, org.springframework.boot.test.mock.mockito.MockitoContextCustomizer@0, org.springframework.boot.test.web.client.TestRestTemplateContextCustomizer@5136d012, org.springframework.boot.test.autoconfigure.actuate.metrics.MetricsExportContextCustomizerFactory$DisableMetricExportContextCustomizer@355ce81c, org.springframework.boot.test.autoconfigure.properties.PropertyMappingContextCustomizer@0, org.springframework.boot.test.autoconfigure.web.servlet.WebDriverContextCustomizerFactory$Customizer@73ee04c8, org.springframework.boot.test.context.SpringBootTestArgs@1, org.springframework.boot.test.context.SpringBootTestWebEnvironment@1e397ed7], resourceBasePath = 'src/main/webapp', contextLoader = 'org.springframework.boot.test.context.SpringBootContextLoader', parent = [null]], attributes = map['org.springframework.test.context.web.ServletTestExecutionListener.activateListener' -> false, 'org.springframework.test.context.event.ApplicationEventsTestExecutionListener.recordApplicationEvents' -> false]]].

  .   ____          _            __ _ _
 /\\ / ___'_ __ _ _(_)_ __  __ _ \ \ \ \
( ( )\___ | '_ | '_| | '_ \/ _` | \ \ \ \
 \\/  ___)| |_)| | | | | || (_| |  ) ) ) )
  '  |____| .__|_| |_|_| |_\__, | / / / /
 =========|_|==============|___/=/_/_/_/
 :: Spring Boot ::                (v2.6.3)

2022-02-08 00:26:40.367  INFO 23269 --- [           main] c.c.w.WebserviceApplicationTests         : Starting WebserviceApplicationTests using Java 17.0.2 on rs-mbp.local with PID 23269 (started by mrs.katey in /Users/mrs.katey/Documents/CSYE-6225/webservice)
2022-02-08 00:26:40.369  INFO 23269 --- [           main] c.c.w.WebserviceApplicationTests         : The following profiles are active: integration-test
2022-02-08 00:26:42.024  INFO 23269 --- [           main] o.s.b.w.embedded.tomcat.TomcatWebServer  : Tomcat initialized with port(s): 0 (http)
2022-02-08 00:26:42.041  INFO 23269 --- [           main] o.apache.catalina.core.StandardService   : Starting service [Tomcat]
2022-02-08 00:26:42.061  INFO 23269 --- [           main] org.apache.catalina.core.StandardEngine  : Starting Servlet engine: [Apache Tomcat/9.0.56]
2022-02-08 00:26:42.195  INFO 23269 --- [           main] o.a.c.c.C.[Tomcat].[localhost].[/]       : Initializing Spring embedded WebApplicationContext
2022-02-08 00:26:42.195  INFO 23269 --- [           main] w.s.c.ServletWebServerApplicationContext : Root WebApplicationContext: initialization completed in 1778 ms
2022-02-08 00:26:43.212  INFO 23269 --- [           main] o.s.b.w.embedded.tomcat.TomcatWebServer  : Tomcat started on port(s): 62923 (http) with context path ''
2022-02-08 00:26:43.230  INFO 23269 --- [           main] c.c.w.WebserviceApplicationTests         : Started WebserviceApplicationTests in 3.336 seconds (JVM running for 4.939)
]]></system-out>
  </testcase>
</testsuite>